<?xml version="1.0" encoding="UTF-8"?>
<!-- Generated by org.testng.reporters.JUnitReportReporter -->
<testsuite hostname="DESKTOP-E8ULQ75" failures="0" tests="1" name="script.InvalidLogin" time="12.031" errors="0" timestamp="2023-07-24T19:42:56 IST" skipped="0">
  <testcase classname="script.InvalidLogin" name="testInvalidLogin" time="12.031">
    <system-out>
      <![CDATA[Err Msg is Displayed]]>
    </system-out>
  </testcase> <!-- testInvalidLogin -->
  <system-out>
    <![CDATA[Err Msg is Displayed
Home Page is Displayed]]>
  </system-out>
</testsuite> <!-- script.InvalidLogin -->
