<?xml version="1.0" encoding="UTF-8"?>
<!-- Generated by org.testng.reporters.JUnitReportReporter -->
<testsuite hostname="DESKTOP-E8ULQ75" failures="0" tests="1" name="script.InvalidLogin" time="34.675" errors="0" timestamp="2023-06-26T09:13:24 IST" skipped="0">
  <testcase classname="script.InvalidLogin" name="testInvalidLogin" time="34.675">
    <system-out>
      <![CDATA[Err Msg is Displayed]]>
    </system-out>
  </testcase> <!-- testInvalidLogin -->
  <system-out>
    <![CDATA[Err Msg is Displayed]]>
  </system-out>
</testsuite> <!-- script.InvalidLogin -->
