<?xml version="1.0" encoding="UTF-8"?>
<!-- Generated by org.testng.reporters.JUnitReportReporter -->
<testsuite hostname="DESKTOP-E8ULQ75" failures="0" tests="1" name="script.ValidLogin" time="20.035" errors="0" timestamp="2023-06-26T08:42:37 IST" skipped="0">
  <testcase classname="script.ValidLogin" name="testValidLogin" time="20.035">
    <system-out>
      <![CDATA[Home Page is Displayed]]>
    </system-out>
  </testcase> <!-- testValidLogin -->
  <system-out>
    <![CDATA[Home Page is Displayed]]>
  </system-out>
</testsuite> <!-- script.ValidLogin -->
