<?xml version="1.0" encoding="UTF-8"?>
<!-- Generated by org.testng.reporters.JUnitReportReporter -->
<testsuite hostname="DESKTOP-E8ULQ75" failures="0" tests="1" name="script.Test3" time="4.042" errors="0" timestamp="2023-06-23T07:53:24 IST" skipped="0">
  <testcase classname="script.Test3" name="test3" time="4.042">
    <system-out>
      <![CDATA[test3...]]>
    </system-out>
  </testcase> <!-- test3 -->
  <system-out>
    <![CDATA[test1...
test2...
test3...]]>
  </system-out>
</testsuite> <!-- script.Test3 -->
